<?xml version="1.0" encoding="UTF-8"?>
<testng-results ignored="0" total="1" passed="1" failed="0" skipped="0">
  <reporter-output>
  </reporter-output>
  <suite started-at="2022-09-11T23:07:15 IST" name="Suite" finished-at="2022-09-11T23:07:54 IST" duration-ms="39071">
    <groups>
    </groups>
    <test started-at="2022-09-11T23:07:15 IST" name="Test" finished-at="2022-09-11T23:07:54 IST" duration-ms="39071">
      <class name="com.qa.testLayer.HomePageTestCase">
        <test-method is-config="true" signature="setUp()[pri:0, instance:com.qa.testLayer.HomePageTestCase@292b08d6]" started-at="2022-09-11T23:07:15 IST" name="setUp" finished-at="2022-09-11T23:07:21 IST" duration-ms="6245" status="PASS">
          <reporter-output>
          </reporter-output>
        </test-method> <!-- setUp -->
        <test-method signature="excuteTestCases(java.lang.String,java.lang.String,java.lang.String)[pri:0, instance:com.qa.testLayer.HomePageTestCase@292b08d6]" started-at="2022-09-11T23:07:21 IST" name="excuteTestCases" finished-at="2022-09-11T23:07:54 IST" duration-ms="32796" status="PASS">
          <params>
            <param index="0">
              <value>
                <![CDATA[Club Mahindra]]>
              </value>
            </param>
            <param index="1">
              <value>
                <![CDATA[Beauty Of Nature]]>
              </value>
            </param>
            <param index="2">
              <value>
                <![CDATA[Forget not that the earth delights to feel your bare feet and the winds long to play with your hair. Heaven is under our feet as well as over our heads.Great ambience and good food.  This is my first visit. Had a really joyful time at Happy Hub. The evening entertainment is a really engaging.]]>
              </value>
            </param>
          </params>
          <reporter-output>
          </reporter-output>
        </test-method> <!-- excuteTestCases -->
      </class> <!-- com.qa.testLayer.HomePageTestCase -->
    </test> <!-- Test -->
  </suite> <!-- Suite -->
</testng-results>
